# JRE version: OpenJDK Runtime Environment (11.0.10) (build 11.0.10+0-b96-7249189)
# Java VM: OpenJDK 64-Bit Server VM (11.0.10+0-b96-7249189, mixed mode, tiered, compressed oops, g1 gc, windows-amd64)
Heap:
 garbage-first heap   total 171008K, used 69209K [0x000000008a400000, 0x0000000100000000)
  region size 1024K, 37 young (37888K), 11 survivors (11264K)
 Metaspace       used 57733K, capacity 58465K, committed 58496K, reserved 1101824K
  class space    used 6734K, capacity 7021K, committed 7040K, reserved 1048576K
GC Heap History (12 events):
Event: 0.506 GC heap before
{Heap before GC invocations=0 (full 0):
 garbage-first heap   total 120832K, used 27648K [0x000000008a400000, 0x0000000100000000)
  region size 1024K, 24 young (24576K), 0 survivors (0K)
 Metaspace       used 12324K, capacity 12405K, committed 12544K, reserved 1060864K
  class space    used 1157K, capacity 1174K, committed 1280K, reserved 1048576K
}
Event: 0.511 GC heap after
{Heap after GC invocations=1 (full 0):
 garbage-first heap   total 120832K, used 5672K [0x000000008a400000, 0x0000000100000000)
  region size 1024K, 3 young (3072K), 3 survivors (3072K)
 Metaspace       used 12324K, capacity 12405K, committed 12544K, reserved 1060864K
  class space    used 1157K, capacity 1174K, committed 1280K, reserved 1048576K
}
Event: 1.086 GC heap before
{Heap before GC invocations=1 (full 0):
 garbage-first heap   total 120832K, used 41512K [0x000000008a400000, 0x0000000100000000)
  region size 1024K, 39 young (39936K), 3 survivors (3072K)
 Metaspace       used 20893K, capacity 21038K, committed 21248K, reserved 1069056K
  class space    used 2219K, capacity 2286K, committed 2304K, reserved 1048576K
}
Event: 1.102 GC heap after
{Heap after GC invocations=2 (full 0):
 garbage-first heap   total 120832K, used 9541K [0x000000008a400000, 0x0000000100000000)
  region size 1024K, 7 young (7168K), 7 survivors (7168K)
 Metaspace       used 20893K, capacity 21038K, committed 21248K, reserved 1069056K
  class space    used 2219K, capacity 2286K, committed 2304K, reserved 1048576K
}
Event: 1.893 GC heap before
{Heap before GC invocations=3 (full 0):
 garbage-first heap   total 120832K, used 69957K [0x000000008a400000, 0x0000000100000000)
  region size 1024K, 54 young (55296K), 7 survivors (7168K)
 Metaspace       used 30428K, capacity 30891K, committed 30976K, reserved 1077248K
  class space    used 3608K, capacity 3793K, committed 3840K, reserved 1048576K
}
Event: 1.923 GC heap after
{Heap after GC invocations=4 (full 0):
 garbage-first heap   total 120832K, used 24048K [0x000000008a400000, 0x0000000100000000)
  region size 1024K, 7 young (7168K), 7 survivors (7168K)
 Metaspace       used 30428K, capacity 30891K, committed 30976K, reserved 1077248K
  class space    used 3608K, capacity 3793K, committed 3840K, reserved 1048576K
}
Event: 2.269 GC heap before
{Heap before GC invocations=4 (full 0):
 garbage-first heap   total 120832K, used 46576K [0x000000008a400000, 0x0000000100000000)
  region size 1024K, 30 young (30720K), 7 survivors (7168K)
 Metaspace       used 35136K, capacity 35535K, committed 35584K, reserved 1081344K
  class space    used 4143K, capacity 4316K, committed 4352K, reserved 1048576K
}
Event: 2.287 GC heap after
{Heap after GC invocations=5 (full 0):
 garbage-first heap   total 120832K, used 24576K [0x000000008a400000, 0x0000000100000000)
  region size 1024K, 3 young (3072K), 3 survivors (3072K)
 Metaspace       used 35136K, capacity 35535K, committed 35584K, reserved 1081344K
  class space    used 4143K, capacity 4316K, committed 4352K, reserved 1048576K
}
Event: 3.256 GC heap before
{Heap before GC invocations=6 (full 0):
 garbage-first heap   total 120832K, used 93184K [0x000000008a400000, 0x0000000100000000)
  region size 1024K, 67 young (68608K), 3 survivors (3072K)
 Metaspace       used 47829K, capacity 48346K, committed 48640K, reserved 1091584K
  class space    used 5643K, capacity 5849K, committed 5888K, reserved 1048576K
}
Event: 3.277 GC heap after
{Heap after GC invocations=7 (full 0):
 garbage-first heap   total 171008K, used 34304K [0x000000008a400000, 0x0000000100000000)
  region size 1024K, 9 young (9216K), 9 survivors (9216K)
 Metaspace       used 47829K, capacity 48346K, committed 48640K, reserved 1091584K
  class space    used 5643K, capacity 5849K, committed 5888K, reserved 1048576K
}
Event: 4.469 GC heap before
{Heap before GC invocations=7 (full 0):
 garbage-first heap   total 171008K, used 116224K [0x000000008a400000, 0x0000000100000000)
  region size 1024K, 89 young (91136K), 9 survivors (9216K)
 Metaspace       used 54312K, capacity 54937K, committed 55168K, reserved 1097728K
  class space    used 6269K, capacity 6525K, committed 6528K, reserved 1048576K
}
Event: 4.489 GC heap after
{Heap after GC invocations=8 (full 0):
 garbage-first heap   total 171008K, used 43609K [0x000000008a400000, 0x0000000100000000)
  region size 1024K, 11 young (11264K), 11 survivors (11264K)
 Metaspace       used 54312K, capacity 54937K, committed 55168K, reserved 1097728K
  class space    used 6269K, capacity 6525K, committed 6528K, reserved 1048576K
}

