# JRE version: OpenJDK Runtime Environment (11.0.10) (build 11.0.10+0-b96-7249189)
# Java VM: OpenJDK 64-Bit Server VM (11.0.10+0-b96-7249189, mixed mode, tiered, compressed oops, g1 gc, windows-amd64)
Heap:
 garbage-first heap   total 231424K, used 66369K [0x000000008a400000, 0x0000000100000000)
  region size 1024K, 11 young (11264K), 6 survivors (6144K)
 Metaspace       used 73818K, capacity 74594K, committed 74624K, reserved 1116160K
  class space    used 8238K, capacity 8548K, committed 8576K, reserved 1048576K
GC Heap History (18 events):
Event: 0.393 GC heap before
{Heap before GC invocations=0 (full 0):
 garbage-first heap   total 120832K, used 27648K [0x000000008a400000, 0x0000000100000000)
  region size 1024K, 24 young (24576K), 0 survivors (0K)
 Metaspace       used 12313K, capacity 12405K, committed 12544K, reserved 1060864K
  class space    used 1157K, capacity 1174K, committed 1280K, reserved 1048576K
}
Event: 0.398 GC heap after
{Heap after GC invocations=1 (full 0):
 garbage-first heap   total 120832K, used 5644K [0x000000008a400000, 0x0000000100000000)
  region size 1024K, 3 young (3072K), 3 survivors (3072K)
 Metaspace       used 12313K, capacity 12405K, committed 12544K, reserved 1060864K
  class space    used 1157K, capacity 1174K, committed 1280K, reserved 1048576K
}
Event: 0.830 GC heap before
{Heap before GC invocations=1 (full 0):
 garbage-first heap   total 120832K, used 41484K [0x000000008a400000, 0x0000000100000000)
  region size 1024K, 39 young (39936K), 3 survivors (3072K)
 Metaspace       used 20882K, capacity 21102K, committed 21248K, reserved 1069056K
  class space    used 2219K, capacity 2286K, committed 2304K, reserved 1048576K
}
Event: 0.842 GC heap after
{Heap after GC invocations=2 (full 0):
 garbage-first heap   total 120832K, used 9546K [0x000000008a400000, 0x0000000100000000)
  region size 1024K, 7 young (7168K), 7 survivors (7168K)
 Metaspace       used 20882K, capacity 21102K, committed 21248K, reserved 1069056K
  class space    used 2219K, capacity 2286K, committed 2304K, reserved 1048576K
}
Event: 1.490 GC heap before
{Heap before GC invocations=3 (full 0):
 garbage-first heap   total 120832K, used 72010K [0x000000008a400000, 0x0000000100000000)
  region size 1024K, 56 young (57344K), 7 survivors (7168K)
 Metaspace       used 30916K, capacity 31403K, committed 31616K, reserved 1077248K
  class space    used 3679K, capacity 3857K, committed 3968K, reserved 1048576K
}
Event: 1.512 GC heap after
{Heap after GC invocations=4 (full 0):
 garbage-first heap   total 120832K, used 24010K [0x000000008a400000, 0x0000000100000000)
  region size 1024K, 7 young (7168K), 7 survivors (7168K)
 Metaspace       used 30916K, capacity 31403K, committed 31616K, reserved 1077248K
  class space    used 3679K, capacity 3857K, committed 3968K, reserved 1048576K
}
Event: 1.727 GC heap before
{Heap before GC invocations=4 (full 0):
 garbage-first heap   total 120832K, used 44490K [0x000000008a400000, 0x0000000100000000)
  region size 1024K, 28 young (28672K), 7 survivors (7168K)
 Metaspace       used 35143K, capacity 35536K, committed 35584K, reserved 1081344K
  class space    used 4146K, capacity 4316K, committed 4352K, reserved 1048576K
}
Event: 1.740 GC heap after
{Heap after GC invocations=5 (full 0):
 garbage-first heap   total 120832K, used 24314K [0x000000008a400000, 0x0000000100000000)
  region size 1024K, 3 young (3072K), 3 survivors (3072K)
 Metaspace       used 35143K, capacity 35536K, committed 35584K, reserved 1081344K
  class space    used 4146K, capacity 4316K, committed 4352K, reserved 1048576K
}
Event: 2.593 GC heap before
{Heap before GC invocations=6 (full 0):
 garbage-first heap   total 120832K, used 89850K [0x000000008a400000, 0x0000000100000000)
  region size 1024K, 64 young (65536K), 3 survivors (3072K)
 Metaspace       used 47843K, capacity 48364K, committed 48640K, reserved 1091584K
  class space    used 5642K, capacity 5852K, committed 5888K, reserved 1048576K
}
Event: 2.611 GC heap after
{Heap after GC invocations=7 (full 0):
 garbage-first heap   total 166912K, used 32768K [0x000000008a400000, 0x0000000100000000)
  region size 1024K, 8 young (8192K), 8 survivors (8192K)
 Metaspace       used 47843K, capacity 48364K, committed 48640K, reserved 1091584K
  class space    used 5642K, capacity 5852K, committed 5888K, reserved 1048576K
}
Event: 3.727 GC heap before
{Heap before GC invocations=7 (full 0):
 garbage-first heap   total 166912K, used 118784K [0x000000008a400000, 0x0000000100000000)
  region size 1024K, 92 young (94208K), 8 survivors (8192K)
 Metaspace       used 54404K, capacity 54976K, committed 55168K, reserved 1097728K
  class space    used 6268K, capacity 6494K, committed 6528K, reserved 1048576K
}
Event: 3.749 GC heap after
{Heap after GC invocations=8 (full 0):
 garbage-first heap   total 166912K, used 43096K [0x000000008a400000, 0x0000000100000000)
  region size 1024K, 12 young (12288K), 12 survivors (12288K)
 Metaspace       used 54404K, capacity 54976K, committed 55168K, reserved 1097728K
  class space    used 6268K, capacity 6494K, committed 6528K, reserved 1048576K
}
Event: 4.450 GC heap before
{Heap before GC invocations=8 (full 0):
 garbage-first heap   total 166912K, used 82008K [0x000000008a400000, 0x0000000100000000)
  region size 1024K, 51 young (52224K), 12 survivors (12288K)
 Metaspace       used 58864K, capacity 59567K, committed 59648K, reserved 1101824K
  class space    used 6833K, capacity 7125K, committed 7168K, reserved 1048576K
}
Event: 4.487 GC heap after
{Heap after GC invocations=9 (full 0):
 garbage-first heap   total 166912K, used 50823K [0x000000008a400000, 0x0000000100000000)
  region size 1024K, 7 young (7168K), 7 survivors (7168K)
 Metaspace       used 58864K, capacity 59567K, committed 59648K, reserved 1101824K
  class space    used 6833K, capacity 7125K, committed 7168K, reserved 1048576K
}
Event: 5.756 GC heap before
{Heap before GC invocations=10 (full 0):
 garbage-first heap   total 166912K, used 109191K [0x000000008a400000, 0x0000000100000000)
  region size 1024K, 64 young (65536K), 7 survivors (7168K)
 Metaspace       used 67502K, capacity 68256K, committed 68480K, reserved 1110016K
  class space    used 7672K, capacity 7972K, committed 8064K, reserved 1048576K
}
Event: 5.771 GC heap after
{Heap after GC invocations=11 (full 0):
 garbage-first heap   total 166912K, used 56279K [0x000000008a400000, 0x0000000100000000)
  region size 1024K, 7 young (7168K), 7 survivors (7168K)
 Metaspace       used 67502K, capacity 68256K, committed 68480K, reserved 1110016K
  class space    used 7672K, capacity 7972K, committed 8064K, reserved 1048576K
}
Event: 6.487 GC heap before
{Heap before GC invocations=11 (full 0):
 garbage-first heap   total 166912K, used 114647K [0x000000008a400000, 0x0000000100000000)
  region size 1024K, 64 young (65536K), 7 survivors (7168K)
 Metaspace       used 72714K, capacity 73506K, committed 73728K, reserved 1114112K
  class space    used 8110K, capacity 8420K, committed 8448K, reserved 1048576K
}
Event: 6.504 GC heap after
{Heap after GC invocations=12 (full 0):
 garbage-first heap   total 231424K, used 62273K [0x000000008a400000, 0x0000000100000000)
  region size 1024K, 6 young (6144K), 6 survivors (6144K)
 Metaspace       used 72714K, capacity 73506K, committed 73728K, reserved 1114112K
  class space    used 8110K, capacity 8420K, committed 8448K, reserved 1048576K
}

