# JRE version: OpenJDK Runtime Environment (11.0.10) (build 11.0.10+0-b96-7249189)
# Java VM: OpenJDK 64-Bit Server VM (11.0.10+0-b96-7249189, mixed mode, tiered, compressed oops, g1 gc, windows-amd64)
Heap:
 garbage-first heap   total 145408K, used 72147K [0x0000000080000000, 0x0000000100000000)
  region size 1024K, 52 young (53248K), 7 survivors (7168K)
 Metaspace       used 42719K, capacity 43792K, committed 44032K, reserved 1087488K
  class space    used 5454K, capacity 5822K, committed 5888K, reserved 1048576K
GC Heap History (14 events):
Event: 0.720 GC heap before
{Heap before GC invocations=0 (full 0):
 garbage-first heap   total 120832K, used 29696K [0x0000000080000000, 0x0000000100000000)
  region size 1024K, 24 young (24576K), 0 survivors (0K)
 Metaspace       used 9788K, capacity 9986K, committed 10112K, reserved 1058816K
  class space    used 1021K, capacity 1102K, committed 1152K, reserved 1048576K
}
Event: 0.731 GC heap after
{Heap after GC invocations=1 (full 0):
 garbage-first heap   total 120832K, used 9157K [0x0000000080000000, 0x0000000100000000)
  region size 1024K, 3 young (3072K), 3 survivors (3072K)
 Metaspace       used 9788K, capacity 9986K, committed 10112K, reserved 1058816K
  class space    used 1021K, capacity 1102K, committed 1152K, reserved 1048576K
}
Event: 2.136 GC heap before
{Heap before GC invocations=1 (full 0):
 garbage-first heap   total 120832K, used 77765K [0x0000000080000000, 0x0000000100000000)
  region size 1024K, 70 young (71680K), 3 survivors (3072K)
 Metaspace       used 17356K, capacity 17766K, committed 17792K, reserved 1064960K
  class space    used 2027K, capacity 2172K, committed 2176K, reserved 1048576K
}
Event: 2.145 GC heap after
{Heap after GC invocations=2 (full 0):
 garbage-first heap   total 120832K, used 15627K [0x0000000080000000, 0x0000000100000000)
  region size 1024K, 9 young (9216K), 9 survivors (9216K)
 Metaspace       used 17356K, capacity 17766K, committed 17792K, reserved 1064960K
  class space    used 2027K, capacity 2172K, committed 2176K, reserved 1048576K
}
Event: 2.435 GC heap before
{Heap before GC invocations=2 (full 0):
 garbage-first heap   total 120832K, used 43275K [0x0000000080000000, 0x0000000100000000)
  region size 1024K, 37 young (37888K), 9 survivors (9216K)
 Metaspace       used 20581K, capacity 21118K, committed 21248K, reserved 1067008K
  class space    used 2517K, capacity 2720K, committed 2816K, reserved 1048576K
}
Event: 2.448 GC heap after
{Heap after GC invocations=3 (full 0):
 garbage-first heap   total 120832K, used 16799K [0x0000000080000000, 0x0000000100000000)
  region size 1024K, 2 young (2048K), 2 survivors (2048K)
 Metaspace       used 20581K, capacity 21118K, committed 21248K, reserved 1067008K
  class space    used 2517K, capacity 2720K, committed 2816K, reserved 1048576K
}
Event: 2.875 GC heap before
{Heap before GC invocations=4 (full 0):
 garbage-first heap   total 120832K, used 63903K [0x0000000080000000, 0x0000000100000000)
  region size 1024K, 48 young (49152K), 2 survivors (2048K)
 Metaspace       used 25379K, capacity 25902K, committed 26112K, reserved 1071104K
  class space    used 3315K, capacity 3533K, committed 3584K, reserved 1048576K
}
Event: 2.879 GC heap after
{Heap after GC invocations=5 (full 0):
 garbage-first heap   total 120832K, used 18316K [0x0000000080000000, 0x0000000100000000)
  region size 1024K, 3 young (3072K), 3 survivors (3072K)
 Metaspace       used 25379K, capacity 25902K, committed 26112K, reserved 1071104K
  class space    used 3315K, capacity 3533K, committed 3584K, reserved 1048576K
}
Event: 3.518 GC heap before
{Heap before GC invocations=5 (full 0):
 garbage-first heap   total 120832K, used 70540K [0x0000000080000000, 0x0000000100000000)
  region size 1024K, 55 young (56320K), 3 survivors (3072K)
 Metaspace       used 31293K, capacity 32034K, committed 32128K, reserved 1077248K
  class space    used 4152K, capacity 4407K, committed 4480K, reserved 1048576K
}
Event: 3.523 GC heap after
{Heap after GC invocations=6 (full 0):
 garbage-first heap   total 120832K, used 20503K [0x0000000080000000, 0x0000000100000000)
  region size 1024K, 5 young (5120K), 5 survivors (5120K)
 Metaspace       used 31293K, capacity 32034K, committed 32128K, reserved 1077248K
  class space    used 4152K, capacity 4407K, committed 4480K, reserved 1048576K
}
Event: 3.712 GC heap before
{Heap before GC invocations=6 (full 0):
 garbage-first heap   total 120832K, used 30743K [0x0000000080000000, 0x0000000100000000)
  region size 1024K, 16 young (16384K), 5 survivors (5120K)
 Metaspace       used 34987K, capacity 35798K, committed 35840K, reserved 1081344K
  class space    used 4536K, capacity 4832K, committed 4864K, reserved 1048576K
}
Event: 3.719 GC heap after
{Heap after GC invocations=7 (full 0):
 garbage-first heap   total 120832K, used 22132K [0x0000000080000000, 0x0000000100000000)
  region size 1024K, 6 young (6144K), 6 survivors (6144K)
 Metaspace       used 34987K, capacity 35798K, committed 35840K, reserved 1081344K
  class space    used 4536K, capacity 4832K, committed 4864K, reserved 1048576K
}
Event: 4.134 GC heap before
{Heap before GC invocations=8 (full 0):
 garbage-first heap   total 120832K, used 72308K [0x0000000080000000, 0x0000000100000000)
  region size 1024K, 53 young (54272K), 6 survivors (6144K)
 Metaspace       used 38581K, capacity 39503K, committed 39680K, reserved 1083392K
  class space    used 4920K, capacity 5251K, committed 5376K, reserved 1048576K
}
Event: 4.143 GC heap after
{Heap after GC invocations=9 (full 0):
 garbage-first heap   total 145408K, used 26067K [0x0000000080000000, 0x0000000100000000)
  region size 1024K, 7 young (7168K), 7 survivors (7168K)
 Metaspace       used 38581K, capacity 39503K, committed 39680K, reserved 1083392K
  class space    used 4920K, capacity 5251K, committed 5376K, reserved 1048576K
}

