# JRE version: OpenJDK Runtime Environment (11.0.10) (build 11.0.10+0-b96-7249189)
# Java VM: OpenJDK 64-Bit Server VM (11.0.10+0-b96-7249189, mixed mode, tiered, compressed oops, g1 gc, windows-amd64)
Heap:
 garbage-first heap   total 210944K, used 122274K [0x0000000080000000, 0x0000000100000000)
  region size 1024K, 31 young (31744K), 7 survivors (7168K)
 Metaspace       used 101203K, capacity 103805K, committed 104824K, reserved 1140736K
  class space    used 12994K, capacity 13955K, committed 14284K, reserved 1048576K
GC Heap History (20 events):
Event: 6.767 GC heap before
{Heap before GC invocations=14 (full 0):
 garbage-first heap   total 145408K, used 101333K [0x0000000080000000, 0x0000000100000000)
  region size 1024K, 52 young (53248K), 3 survivors (3072K)
 Metaspace       used 62896K, capacity 64382K, committed 64716K, reserved 1105920K
  class space    used 7979K, capacity 8534K, committed 8652K, reserved 1048576K
}
Event: 6.775 GC heap after
{Heap after GC invocations=15 (full 0):
 garbage-first heap   total 175104K, used 54444K [0x0000000080000000, 0x0000000100000000)
  region size 1024K, 6 young (6144K), 6 survivors (6144K)
 Metaspace       used 62896K, capacity 64382K, committed 64716K, reserved 1105920K
  class space    used 7979K, capacity 8534K, committed 8652K, reserved 1048576K
}
Event: 7.745 GC heap before
{Heap before GC invocations=15 (full 0):
 garbage-first heap   total 175104K, used 115884K [0x0000000080000000, 0x0000000100000000)
  region size 1024K, 66 young (67584K), 6 survivors (6144K)
 Metaspace       used 66714K, capacity 68226K, committed 68428K, reserved 1107968K
  class space    used 8463K, capacity 9021K, committed 9036K, reserved 1048576K
}
Event: 7.756 GC heap after
{Heap after GC invocations=16 (full 0):
 garbage-first heap   total 175104K, used 59568K [0x0000000080000000, 0x0000000100000000)
  region size 1024K, 9 young (9216K), 9 survivors (9216K)
 Metaspace       used 66714K, capacity 68226K, committed 68428K, reserved 1107968K
  class space    used 8463K, capacity 9021K, committed 9036K, reserved 1048576K
}
Event: 9.131 GC heap before
{Heap before GC invocations=16 (full 0):
 garbage-first heap   total 175104K, used 121008K [0x0000000080000000, 0x0000000100000000)
  region size 1024K, 69 young (70656K), 9 survivors (9216K)
 Metaspace       used 73523K, capacity 75272K, committed 75468K, reserved 1114112K
  class space    used 9532K, capacity 10167K, committed 10188K, reserved 1048576K
}
Event: 9.141 GC heap after
{Heap after GC invocations=17 (full 0):
 garbage-first heap   total 175104K, used 63626K [0x0000000080000000, 0x0000000100000000)
  region size 1024K, 5 young (5120K), 5 survivors (5120K)
 Metaspace       used 73523K, capacity 75272K, committed 75468K, reserved 1114112K
  class space    used 9532K, capacity 10167K, committed 10188K, reserved 1048576K
}
Event: 10.239 GC heap before
{Heap before GC invocations=17 (full 0):
 garbage-first heap   total 175104K, used 126090K [0x0000000080000000, 0x0000000100000000)
  region size 1024K, 66 young (67584K), 5 survivors (5120K)
 Metaspace       used 79590K, capacity 81362K, committed 81484K, reserved 1120256K
  class space    used 10338K, capacity 10998K, committed 11084K, reserved 1048576K
}
Event: 10.250 GC heap after
{Heap after GC invocations=18 (full 0):
 garbage-first heap   total 175104K, used 67388K [0x0000000080000000, 0x0000000100000000)
  region size 1024K, 8 young (8192K), 8 survivors (8192K)
 Metaspace       used 79590K, capacity 81362K, committed 81484K, reserved 1120256K
  class space    used 10338K, capacity 10998K, committed 11084K, reserved 1048576K
}
Event: 11.310 GC heap before
{Heap before GC invocations=18 (full 0):
 garbage-first heap   total 175104K, used 128828K [0x0000000080000000, 0x0000000100000000)
  region size 1024K, 69 young (70656K), 8 survivors (8192K)
 Metaspace       used 82299K, capacity 84526K, committed 84684K, reserved 1122304K
  class space    used 10812K, capacity 11675K, committed 11724K, reserved 1048576K
}
Event: 11.325 GC heap after
{Heap after GC invocations=19 (full 0):
 garbage-first heap   total 210944K, used 71245K [0x0000000080000000, 0x0000000100000000)
  region size 1024K, 9 young (9216K), 9 survivors (9216K)
 Metaspace       used 82299K, capacity 84526K, committed 84684K, reserved 1122304K
  class space    used 10812K, capacity 11675K, committed 11724K, reserved 1048576K
}
Event: 12.104 GC heap before
{Heap before GC invocations=19 (full 0):
 garbage-first heap   total 210944K, used 145997K [0x0000000080000000, 0x0000000100000000)
  region size 1024K, 83 young (84992K), 9 survivors (9216K)
 Metaspace       used 83218K, capacity 85524K, committed 85836K, reserved 1124352K
  class space    used 10872K, capacity 11765K, committed 11852K, reserved 1048576K
}
Event: 12.115 GC heap after
{Heap after GC invocations=20 (full 0):
 garbage-first heap   total 210944K, used 76617K [0x0000000080000000, 0x0000000100000000)
  region size 1024K, 10 young (10240K), 10 survivors (10240K)
 Metaspace       used 83218K, capacity 85524K, committed 85836K, reserved 1124352K
  class space    used 10872K, capacity 11765K, committed 11852K, reserved 1048576K
}
Event: 12.773 GC heap before
{Heap before GC invocations=20 (full 0):
 garbage-first heap   total 210944K, used 158537K [0x0000000080000000, 0x0000000100000000)
  region size 1024K, 91 young (93184K), 10 survivors (10240K)
 Metaspace       used 88259K, capacity 90622K, committed 90828K, reserved 1128448K
  class space    used 11507K, capacity 12383K, committed 12492K, reserved 1048576K
}
Event: 12.782 GC heap after
{Heap after GC invocations=21 (full 0):
 garbage-first heap   total 210944K, used 80091K [0x0000000080000000, 0x0000000100000000)
  region size 1024K, 9 young (9216K), 9 survivors (9216K)
 Metaspace       used 88259K, capacity 90622K, committed 90828K, reserved 1128448K
  class space    used 11507K, capacity 12383K, committed 12492K, reserved 1048576K
}
Event: 48.456 GC heap before
{Heap before GC invocations=21 (full 0):
 garbage-first heap   total 210944K, used 163035K [0x0000000080000000, 0x0000000100000000)
  region size 1024K, 91 young (93184K), 9 survivors (9216K)
 Metaspace       used 91998K, capacity 94639K, committed 94796K, reserved 1130496K
  class space    used 12073K, capacity 13044K, committed 13132K, reserved 1048576K
}
Event: 48.467 GC heap after
{Heap after GC invocations=22 (full 0):
 garbage-first heap   total 210944K, used 84737K [0x0000000080000000, 0x0000000100000000)
  region size 1024K, 9 young (9216K), 9 survivors (9216K)
 Metaspace       used 91998K, capacity 94639K, committed 94796K, reserved 1130496K
  class space    used 12073K, capacity 13044K, committed 13132K, reserved 1048576K
}
Event: 82.076 GC heap before
{Heap before GC invocations=22 (full 0):
 garbage-first heap   total 210944K, used 165633K [0x0000000080000000, 0x0000000100000000)
  region size 1024K, 89 young (91136K), 9 survivors (9216K)
 Metaspace       used 93551K, capacity 96265K, committed 96460K, reserved 1132544K
  class space    used 12176K, capacity 13185K, committed 13260K, reserved 1048576K
}
Event: 82.090 GC heap after
{Heap after GC invocations=23 (full 0):
 garbage-first heap   total 210944K, used 92326K [0x0000000080000000, 0x0000000100000000)
  region size 1024K, 12 young (12288K), 12 survivors (12288K)
 Metaspace       used 93551K, capacity 96265K, committed 96460K, reserved 1132544K
  class space    used 12176K, capacity 13185K, committed 13260K, reserved 1048576K
}
Event: 116.676 GC heap before
{Heap before GC invocations=23 (full 0):
 garbage-first heap   total 210944K, used 164006K [0x0000000080000000, 0x0000000100000000)
  region size 1024K, 84 young (86016K), 12 survivors (12288K)
 Metaspace       used 97968K, capacity 100800K, committed 101036K, reserved 1136640K
  class space    used 12677K, capacity 13732K, committed 13772K, reserved 1048576K
}
Event: 116.693 GC heap after
{Heap after GC invocations=24 (full 0):
 garbage-first heap   total 210944K, used 97698K [0x0000000080000000, 0x0000000100000000)
  region size 1024K, 7 young (7168K), 7 survivors (7168K)
 Metaspace       used 97968K, capacity 100800K, committed 101036K, reserved 1136640K
  class space    used 12677K, capacity 13732K, committed 13772K, reserved 1048576K
}

